2016-11-03 11:49:17,287 [Worker-13] INFO  o.e.m.c.i.l.LifecycleMappingFactory - Using org.maven.ide.eclipse.wtp.WarLifecycleMapping lifecycle mapping for MavenProject: Team4_Servlet_BigData:Team4_Servlet_BigData:0.0.1-SNAPSHOT @ C:\Users\ljm7b\Documents\Big_Data_Fall_2016\Source\Data_Store_Servlet\Team4_Servlet_BigData\pom.xml.
2016-11-03 11:49:22,864 [Worker-14] WARN  o.e.m.c.i.embedder.EclipseLogger - Using platform encoding (Cp1252 actually) to copy filtered resources, i.e. build is platform dependent!
2016-11-03 11:49:22,874 [Worker-14] INFO  o.e.m.c.i.embedder.EclipseLogger - skip non existing resourceDirectory C:\Users\ljm7b\Documents\Big_Data_Fall_2016\Source\Data_Store_Servlet\Team4_Servlet_BigData\src\main\resources
2016-11-03 11:49:22,878 [Worker-14] WARN  o.e.m.c.i.embedder.EclipseLogger - Using platform encoding (Cp1252 actually) to copy filtered resources, i.e. build is platform dependent!
2016-11-03 11:49:22,885 [Worker-14] INFO  o.e.m.c.i.embedder.EclipseLogger - skip non existing resourceDirectory C:\Users\ljm7b\Documents\Big_Data_Fall_2016\Source\Data_Store_Servlet\Team4_Servlet_BigData\src\test\resources
2016-11-03 11:49:22,965 [Worker-13] INFO  o.e.m.j.i.AbstractJavaProjectConfigurator - Adding source folder /Team4_Servlet_BigData/src
2016-11-03 11:49:22,966 [Worker-13] INFO  o.e.m.j.i.AbstractJavaProjectConfigurator - Not adding source folder /Team4_Servlet_BigData/src/test/java because it overlaps with /Team4_Servlet_BigData/src
2016-11-03 11:49:24,194 [Worker-13] INFO  o.e.m.c.i.p.ProjectConfigurationManager - Update started
2016-11-03 11:49:24,907 [Worker-13] INFO  o.e.m.c.i.l.LifecycleMappingFactory - Using org.maven.ide.eclipse.wtp.WarLifecycleMapping lifecycle mapping for MavenProject: Team4_Servlet_BigData:Team4_Servlet_BigData:0.0.1-SNAPSHOT @ C:\Users\ljm7b\Documents\Big_Data_Fall_2016\Source\Data_Store_Servlet\Team4_Servlet_BigData\pom.xml.
2016-11-03 11:49:26,770 [Worker-13] INFO  o.e.m.j.i.AbstractJavaProjectConfigurator - Adding source folder /Team4_Servlet_BigData/src
2016-11-03 11:49:26,771 [Worker-13] INFO  o.e.m.j.i.AbstractJavaProjectConfigurator - Not adding source folder /Team4_Servlet_BigData/src/test/java because it overlaps with /Team4_Servlet_BigData/src
2016-11-03 11:49:27,347 [Worker-13] INFO  o.e.m.w.i.f.ResourceFilteringBuildParticipant - Cleaning filtered folder for Team4_Servlet_BigData
2016-11-03 11:49:27,385 [Worker-13] INFO  o.e.m.c.i.p.ProjectConfigurationManager - Update completed: 3 sec
2016-11-03 11:49:27,702 [Worker-4] WARN  o.e.m.c.i.embedder.EclipseLogger - Using platform encoding (Cp1252 actually) to copy filtered resources, i.e. build is platform dependent!
2016-11-03 11:49:27,714 [Worker-4] INFO  o.e.m.c.i.embedder.EclipseLogger - skip non existing resourceDirectory C:\Users\ljm7b\Documents\Big_Data_Fall_2016\Source\Data_Store_Servlet\Team4_Servlet_BigData\src\main\resources
2016-11-03 11:49:27,716 [Worker-4] WARN  o.e.m.c.i.embedder.EclipseLogger - Using platform encoding (Cp1252 actually) to copy filtered resources, i.e. build is platform dependent!
2016-11-03 11:49:27,776 [Worker-4] INFO  o.e.m.c.i.embedder.EclipseLogger - skip non existing resourceDirectory C:\Users\ljm7b\Documents\Big_Data_Fall_2016\Source\Data_Store_Servlet\Team4_Servlet_BigData\src\test\resources
2016-11-03 11:49:27,776 [Worker-4] INFO  o.e.m.w.i.f.ResourceFilteringBuildParticipant - Changed resources require a complete clean of filtered resources of Team4_Servlet_BigData
2016-11-03 11:49:27,777 [Worker-4] INFO  o.e.m.w.i.f.ResourceFilteringBuildParticipant - Executing resource filtering for Team4_Servlet_BigData
2016-11-03 11:49:27,893 [Worker-4] WARN  o.e.m.c.i.embedder.EclipseLogger - Using platform encoding (Cp1252 actually) to copy filtered resources, i.e. build is platform dependent!
2016-11-03 11:51:03,229 [Worker-17] INFO  o.e.m.c.i.p.ProjectConfigurationManager - Update started
2016-11-03 11:51:03,718 [Worker-17] INFO  o.e.m.c.i.l.LifecycleMappingFactory - Using org.maven.ide.eclipse.wtp.WarLifecycleMapping lifecycle mapping for MavenProject: Team4_Servlet_BigData:Team4_Servlet_BigData:0.0.1-SNAPSHOT @ C:\Users\ljm7b\Documents\Big_Data_Fall_2016\Source\Data_Store_Servlet\Team4_Servlet_BigData\pom.xml.
2016-11-03 11:51:04,513 [Worker-17] INFO  o.e.m.j.i.AbstractJavaProjectConfigurator - Adding source folder /Team4_Servlet_BigData/src
2016-11-03 11:51:04,513 [Worker-17] INFO  o.e.m.j.i.AbstractJavaProjectConfigurator - Not adding source folder /Team4_Servlet_BigData/src/test/java because it overlaps with /Team4_Servlet_BigData/src
2016-11-03 11:51:04,847 [Worker-17] INFO  o.e.m.w.i.f.ResourceFilteringBuildParticipant - Cleaning filtered folder for Team4_Servlet_BigData
2016-11-03 11:51:04,878 [Worker-17] INFO  o.e.m.c.i.p.ProjectConfigurationManager - Update completed: 1 sec
2016-11-03 11:51:05,208 [Worker-8] WARN  o.e.m.c.i.embedder.EclipseLogger - Using platform encoding (Cp1252 actually) to copy filtered resources, i.e. build is platform dependent!
2016-11-03 11:51:05,221 [Worker-8] INFO  o.e.m.c.i.embedder.EclipseLogger - skip non existing resourceDirectory C:\Users\ljm7b\Documents\Big_Data_Fall_2016\Source\Data_Store_Servlet\Team4_Servlet_BigData\src\main\resources
2016-11-03 11:51:05,231 [Worker-8] WARN  o.e.m.c.i.embedder.EclipseLogger - Using platform encoding (Cp1252 actually) to copy filtered resources, i.e. build is platform dependent!
2016-11-03 11:51:05,240 [Worker-8] INFO  o.e.m.c.i.embedder.EclipseLogger - skip non existing resourceDirectory C:\Users\ljm7b\Documents\Big_Data_Fall_2016\Source\Data_Store_Servlet\Team4_Servlet_BigData\src\test\resources
2016-11-03 11:51:05,255 [Worker-8] INFO  o.e.m.w.i.f.ResourceFilteringBuildParticipant - Changed resources require a complete clean of filtered resources of Team4_Servlet_BigData
2016-11-03 11:51:05,255 [Worker-8] INFO  o.e.m.w.i.f.ResourceFilteringBuildParticipant - Executing resource filtering for Team4_Servlet_BigData
2016-11-03 11:51:05,296 [Worker-8] WARN  o.e.m.c.i.embedder.EclipseLogger - Using platform encoding (Cp1252 actually) to copy filtered resources, i.e. build is platform dependent!
2016-11-03 11:51:23,937 [main] INFO  o.e.m2e.actions.ExecutePomAction - Creating new launch configuration
2016-11-03 11:51:38,111 [Worker-6] INFO  o.e.m.i.launch.MavenLaunchDelegate - C:\Users\ljm7b\Documents\Big_Data_Fall_2016\Source\Data_Store_Servlet\Team4_Servlet_BigData
2016-11-03 11:51:38,118 [Worker-6] INFO  o.e.m.i.launch.MavenLaunchDelegate -  mvn -B package
2016-11-03 11:51:38,927 [Worker-12] INFO  o.e.m.c.i.l.LifecycleMappingFactory - Using org.maven.ide.eclipse.wtp.WarLifecycleMapping lifecycle mapping for MavenProject: Team4_Servlet_BigData:Team4_Servlet_BigData:0.0.1-SNAPSHOT @ C:\Users\ljm7b\Documents\Big_Data_Fall_2016\Source\Data_Store_Servlet\Team4_Servlet_BigData\pom.xml.
2016-11-03 11:51:39,310 [Worker-12] INFO  o.e.m.c.i.e.AbstractTransferListenerAdapter - Downloading https://repo.maven.apache.org/maven2/org/json/json/20160810/json-20160810.pom
2016-11-03 11:51:39,366 [Worker-12] INFO  o.e.m.c.i.e.AbstractTransferListenerAdapter - Downloaded https://repo.maven.apache.org/maven2/org/json/json/20160810/json-20160810.pom
2016-11-03 11:51:39,433 [Worker-12] INFO  o.e.m.c.i.e.AbstractTransferListenerAdapter - Downloading https://repo.maven.apache.org/maven2/org/json/json/20160810/json-20160810.jar
2016-11-03 11:51:39,531 [Worker-12] INFO  o.e.m.c.i.e.AbstractTransferListenerAdapter - Downloaded https://repo.maven.apache.org/maven2/org/json/json/20160810/json-20160810.jar
2016-11-03 11:51:41,003 [Worker-12] WARN  o.e.m.c.i.embedder.EclipseLogger - Using platform encoding (Cp1252 actually) to copy filtered resources, i.e. build is platform dependent!
2016-11-03 11:51:41,029 [Worker-12] INFO  o.e.m.c.i.embedder.EclipseLogger - skip non existing resourceDirectory C:\Users\ljm7b\Documents\Big_Data_Fall_2016\Source\Data_Store_Servlet\Team4_Servlet_BigData\src\main\resources
2016-11-03 11:51:41,044 [Worker-12] WARN  o.e.m.c.i.embedder.EclipseLogger - Using platform encoding (Cp1252 actually) to copy filtered resources, i.e. build is platform dependent!
2016-11-03 11:51:41,081 [Worker-12] INFO  o.e.m.c.i.embedder.EclipseLogger - skip non existing resourceDirectory C:\Users\ljm7b\Documents\Big_Data_Fall_2016\Source\Data_Store_Servlet\Team4_Servlet_BigData\src\test\resources
2016-11-03 11:51:41,082 [Worker-12] INFO  o.e.m.w.i.f.ResourceFilteringBuildParticipant - Changed resources require a complete clean of filtered resources of Team4_Servlet_BigData
2016-11-03 11:51:41,082 [Worker-12] INFO  o.e.m.w.i.f.ResourceFilteringBuildParticipant - Executing resource filtering for Team4_Servlet_BigData
2016-11-03 11:51:41,089 [Worker-12] WARN  o.e.m.c.i.embedder.EclipseLogger - Using platform encoding (Cp1252 actually) to copy filtered resources, i.e. build is platform dependent!
2016-11-03 11:51:42,530 [Worker-3] WARN  o.e.m.c.i.embedder.EclipseLogger - Using platform encoding (Cp1252 actually) to copy filtered resources, i.e. build is platform dependent!
2016-11-03 11:51:42,543 [Worker-3] INFO  o.e.m.c.i.embedder.EclipseLogger - skip non existing resourceDirectory C:\Users\ljm7b\Documents\Big_Data_Fall_2016\Source\Data_Store_Servlet\Team4_Servlet_BigData\src\main\resources
2016-11-03 11:51:42,545 [Worker-3] WARN  o.e.m.c.i.embedder.EclipseLogger - Using platform encoding (Cp1252 actually) to copy filtered resources, i.e. build is platform dependent!
2016-11-03 11:51:42,554 [Worker-3] INFO  o.e.m.c.i.embedder.EclipseLogger - skip non existing resourceDirectory C:\Users\ljm7b\Documents\Big_Data_Fall_2016\Source\Data_Store_Servlet\Team4_Servlet_BigData\src\test\resources
2016-11-03 11:52:04,088 [main] INFO  o.e.m2e.actions.ExecutePomAction - Creating new launch configuration
2016-11-03 11:52:08,490 [Worker-3] INFO  o.e.m.i.launch.MavenLaunchDelegate - C:\Users\ljm7b\Documents\Big_Data_Fall_2016\Source\Data_Store_Servlet\Team4_Servlet_BigData
2016-11-03 11:52:08,490 [Worker-3] INFO  o.e.m.i.launch.MavenLaunchDelegate -  mvn -B package
2016-11-03 11:53:31,006 [Worker-17] WARN  o.e.m.c.i.embedder.EclipseLogger - Using platform encoding (Cp1252 actually) to copy filtered resources, i.e. build is platform dependent!
2016-11-03 11:53:31,024 [Worker-17] INFO  o.e.m.c.i.embedder.EclipseLogger - skip non existing resourceDirectory C:\Users\ljm7b\Documents\Big_Data_Fall_2016\Source\Data_Store_Servlet\Team4_Servlet_BigData\src\main\resources
2016-11-03 11:53:31,026 [Worker-17] WARN  o.e.m.c.i.embedder.EclipseLogger - Using platform encoding (Cp1252 actually) to copy filtered resources, i.e. build is platform dependent!
2016-11-03 11:53:31,063 [Worker-17] INFO  o.e.m.c.i.embedder.EclipseLogger - skip non existing resourceDirectory C:\Users\ljm7b\Documents\Big_Data_Fall_2016\Source\Data_Store_Servlet\Team4_Servlet_BigData\src\test\resources
2016-11-03 11:54:27,725 [Worker-17] WARN  o.e.m.c.i.embedder.EclipseLogger - Using platform encoding (Cp1252 actually) to copy filtered resources, i.e. build is platform dependent!
2016-11-03 11:54:27,736 [Worker-17] INFO  o.e.m.c.i.embedder.EclipseLogger - skip non existing resourceDirectory C:\Users\ljm7b\Documents\Big_Data_Fall_2016\Source\Data_Store_Servlet\Team4_Servlet_BigData\src\main\resources
2016-11-03 11:54:27,747 [Worker-17] WARN  o.e.m.c.i.embedder.EclipseLogger - Using platform encoding (Cp1252 actually) to copy filtered resources, i.e. build is platform dependent!
2016-11-03 11:54:27,767 [Worker-17] INFO  o.e.m.c.i.embedder.EclipseLogger - skip non existing resourceDirectory C:\Users\ljm7b\Documents\Big_Data_Fall_2016\Source\Data_Store_Servlet\Team4_Servlet_BigData\src\test\resources
2016-11-03 12:00:41,980 [Worker-20] WARN  o.e.m.c.i.embedder.EclipseLogger - Using platform encoding (Cp1252 actually) to copy filtered resources, i.e. build is platform dependent!
2016-11-03 12:00:41,989 [Worker-20] INFO  o.e.m.c.i.embedder.EclipseLogger - skip non existing resourceDirectory C:\Users\ljm7b\Documents\Big_Data_Fall_2016\Source\Data_Store_Servlet\Team4_Servlet_BigData\src\main\resources
2016-11-03 12:00:42,000 [Worker-20] WARN  o.e.m.c.i.embedder.EclipseLogger - Using platform encoding (Cp1252 actually) to copy filtered resources, i.e. build is platform dependent!
2016-11-03 12:00:42,013 [Worker-20] INFO  o.e.m.c.i.embedder.EclipseLogger - skip non existing resourceDirectory C:\Users\ljm7b\Documents\Big_Data_Fall_2016\Source\Data_Store_Servlet\Team4_Servlet_BigData\src\test\resources
2016-11-03 12:09:56,707 [Worker-22] WARN  o.e.m.c.i.embedder.EclipseLogger - Using platform encoding (Cp1252 actually) to copy filtered resources, i.e. build is platform dependent!
2016-11-03 12:09:56,715 [Worker-22] INFO  o.e.m.c.i.embedder.EclipseLogger - skip non existing resourceDirectory C:\Users\ljm7b\Documents\Big_Data_Fall_2016\Source\Data_Store_Servlet\Team4_Servlet_BigData\src\main\resources
2016-11-03 12:09:56,732 [Worker-22] WARN  o.e.m.c.i.embedder.EclipseLogger - Using platform encoding (Cp1252 actually) to copy filtered resources, i.e. build is platform dependent!
2016-11-03 12:09:56,751 [Worker-22] INFO  o.e.m.c.i.embedder.EclipseLogger - skip non existing resourceDirectory C:\Users\ljm7b\Documents\Big_Data_Fall_2016\Source\Data_Store_Servlet\Team4_Servlet_BigData\src\test\resources
2016-11-03 12:13:52,623 [Worker-20] WARN  o.e.m.c.i.embedder.EclipseLogger - Using platform encoding (Cp1252 actually) to copy filtered resources, i.e. build is platform dependent!
2016-11-03 12:13:52,628 [Worker-20] INFO  o.e.m.c.i.embedder.EclipseLogger - skip non existing resourceDirectory C:\Users\ljm7b\Documents\Big_Data_Fall_2016\Source\Data_Store_Servlet\Team4_Servlet_BigData\src\main\resources
2016-11-03 12:13:52,637 [Worker-20] WARN  o.e.m.c.i.embedder.EclipseLogger - Using platform encoding (Cp1252 actually) to copy filtered resources, i.e. build is platform dependent!
2016-11-03 12:13:52,648 [Worker-20] INFO  o.e.m.c.i.embedder.EclipseLogger - skip non existing resourceDirectory C:\Users\ljm7b\Documents\Big_Data_Fall_2016\Source\Data_Store_Servlet\Team4_Servlet_BigData\src\test\resources
2016-11-03 12:14:15,999 [Worker-27] WARN  o.e.m.c.i.embedder.EclipseLogger - Using platform encoding (Cp1252 actually) to copy filtered resources, i.e. build is platform dependent!
2016-11-03 12:14:16,006 [Worker-27] INFO  o.e.m.c.i.embedder.EclipseLogger - skip non existing resourceDirectory C:\Users\ljm7b\Documents\Big_Data_Fall_2016\Source\Data_Store_Servlet\Team4_Servlet_BigData\src\main\resources
2016-11-03 12:14:16,014 [Worker-27] WARN  o.e.m.c.i.embedder.EclipseLogger - Using platform encoding (Cp1252 actually) to copy filtered resources, i.e. build is platform dependent!
2016-11-03 12:14:16,025 [Worker-27] INFO  o.e.m.c.i.embedder.EclipseLogger - skip non existing resourceDirectory C:\Users\ljm7b\Documents\Big_Data_Fall_2016\Source\Data_Store_Servlet\Team4_Servlet_BigData\src\test\resources
2016-11-03 12:14:35,541 [Worker-25] WARN  o.e.m.c.i.embedder.EclipseLogger - Using platform encoding (Cp1252 actually) to copy filtered resources, i.e. build is platform dependent!
2016-11-03 12:14:35,546 [Worker-25] INFO  o.e.m.c.i.embedder.EclipseLogger - skip non existing resourceDirectory C:\Users\ljm7b\Documents\Big_Data_Fall_2016\Source\Data_Store_Servlet\Team4_Servlet_BigData\src\main\resources
2016-11-03 12:14:35,554 [Worker-25] WARN  o.e.m.c.i.embedder.EclipseLogger - Using platform encoding (Cp1252 actually) to copy filtered resources, i.e. build is platform dependent!
2016-11-03 12:14:35,565 [Worker-25] INFO  o.e.m.c.i.embedder.EclipseLogger - skip non existing resourceDirectory C:\Users\ljm7b\Documents\Big_Data_Fall_2016\Source\Data_Store_Servlet\Team4_Servlet_BigData\src\test\resources
2016-11-03 12:14:50,156 [Worker-23] WARN  o.e.m.c.i.embedder.EclipseLogger - Using platform encoding (Cp1252 actually) to copy filtered resources, i.e. build is platform dependent!
2016-11-03 12:14:50,164 [Worker-23] INFO  o.e.m.c.i.embedder.EclipseLogger - skip non existing resourceDirectory C:\Users\ljm7b\Documents\Big_Data_Fall_2016\Source\Data_Store_Servlet\Team4_Servlet_BigData\src\main\resources
2016-11-03 12:14:50,171 [Worker-23] WARN  o.e.m.c.i.embedder.EclipseLogger - Using platform encoding (Cp1252 actually) to copy filtered resources, i.e. build is platform dependent!
2016-11-03 12:14:50,182 [Worker-23] INFO  o.e.m.c.i.embedder.EclipseLogger - skip non existing resourceDirectory C:\Users\ljm7b\Documents\Big_Data_Fall_2016\Source\Data_Store_Servlet\Team4_Servlet_BigData\src\test\resources
2016-11-03 12:16:41,050 [Worker-17] WARN  o.e.m.c.i.embedder.EclipseLogger - Using platform encoding (Cp1252 actually) to copy filtered resources, i.e. build is platform dependent!
2016-11-03 12:16:41,055 [Worker-17] INFO  o.e.m.c.i.embedder.EclipseLogger - skip non existing resourceDirectory C:\Users\ljm7b\Documents\Big_Data_Fall_2016\Source\Data_Store_Servlet\Team4_Servlet_BigData\src\main\resources
2016-11-03 12:16:41,060 [Worker-17] WARN  o.e.m.c.i.embedder.EclipseLogger - Using platform encoding (Cp1252 actually) to copy filtered resources, i.e. build is platform dependent!
2016-11-03 12:16:41,069 [Worker-17] INFO  o.e.m.c.i.embedder.EclipseLogger - skip non existing resourceDirectory C:\Users\ljm7b\Documents\Big_Data_Fall_2016\Source\Data_Store_Servlet\Team4_Servlet_BigData\src\test\resources
2016-11-03 12:17:23,544 [Worker-17] WARN  o.e.m.c.i.embedder.EclipseLogger - Using platform encoding (Cp1252 actually) to copy filtered resources, i.e. build is platform dependent!
2016-11-03 12:17:23,551 [Worker-17] INFO  o.e.m.c.i.embedder.EclipseLogger - skip non existing resourceDirectory C:\Users\ljm7b\Documents\Big_Data_Fall_2016\Source\Data_Store_Servlet\Team4_Servlet_BigData\src\main\resources
2016-11-03 12:17:23,556 [Worker-17] WARN  o.e.m.c.i.embedder.EclipseLogger - Using platform encoding (Cp1252 actually) to copy filtered resources, i.e. build is platform dependent!
2016-11-03 12:17:23,567 [Worker-17] INFO  o.e.m.c.i.embedder.EclipseLogger - skip non existing resourceDirectory C:\Users\ljm7b\Documents\Big_Data_Fall_2016\Source\Data_Store_Servlet\Team4_Servlet_BigData\src\test\resources
2016-11-03 12:17:57,797 [Worker-27] WARN  o.e.m.c.i.embedder.EclipseLogger - Using platform encoding (Cp1252 actually) to copy filtered resources, i.e. build is platform dependent!
2016-11-03 12:17:57,802 [Worker-27] INFO  o.e.m.c.i.embedder.EclipseLogger - skip non existing resourceDirectory C:\Users\ljm7b\Documents\Big_Data_Fall_2016\Source\Data_Store_Servlet\Team4_Servlet_BigData\src\main\resources
2016-11-03 12:17:57,808 [Worker-27] WARN  o.e.m.c.i.embedder.EclipseLogger - Using platform encoding (Cp1252 actually) to copy filtered resources, i.e. build is platform dependent!
2016-11-03 12:17:57,817 [Worker-27] INFO  o.e.m.c.i.embedder.EclipseLogger - skip non existing resourceDirectory C:\Users\ljm7b\Documents\Big_Data_Fall_2016\Source\Data_Store_Servlet\Team4_Servlet_BigData\src\test\resources
2016-11-03 12:20:26,551 [Worker-28] WARN  o.e.m.c.i.embedder.EclipseLogger - Using platform encoding (Cp1252 actually) to copy filtered resources, i.e. build is platform dependent!
2016-11-03 12:20:26,556 [Worker-28] INFO  o.e.m.c.i.embedder.EclipseLogger - skip non existing resourceDirectory C:\Users\ljm7b\Documents\Big_Data_Fall_2016\Source\Data_Store_Servlet\Team4_Servlet_BigData\src\main\resources
2016-11-03 12:20:26,562 [Worker-28] WARN  o.e.m.c.i.embedder.EclipseLogger - Using platform encoding (Cp1252 actually) to copy filtered resources, i.e. build is platform dependent!
2016-11-03 12:20:26,571 [Worker-28] INFO  o.e.m.c.i.embedder.EclipseLogger - skip non existing resourceDirectory C:\Users\ljm7b\Documents\Big_Data_Fall_2016\Source\Data_Store_Servlet\Team4_Servlet_BigData\src\test\resources
2016-11-03 12:21:11,191 [Worker-28] WARN  o.e.m.c.i.embedder.EclipseLogger - Using platform encoding (Cp1252 actually) to copy filtered resources, i.e. build is platform dependent!
2016-11-03 12:21:11,202 [Worker-28] INFO  o.e.m.c.i.embedder.EclipseLogger - skip non existing resourceDirectory C:\Users\ljm7b\Documents\Big_Data_Fall_2016\Source\Data_Store_Servlet\Team4_Servlet_BigData\src\main\resources
2016-11-03 12:21:11,210 [Worker-28] WARN  o.e.m.c.i.embedder.EclipseLogger - Using platform encoding (Cp1252 actually) to copy filtered resources, i.e. build is platform dependent!
2016-11-03 12:21:11,223 [Worker-28] INFO  o.e.m.c.i.embedder.EclipseLogger - skip non existing resourceDirectory C:\Users\ljm7b\Documents\Big_Data_Fall_2016\Source\Data_Store_Servlet\Team4_Servlet_BigData\src\test\resources
2016-11-03 12:22:06,891 [Worker-34] WARN  o.e.m.c.i.embedder.EclipseLogger - Using platform encoding (Cp1252 actually) to copy filtered resources, i.e. build is platform dependent!
2016-11-03 12:22:06,896 [Worker-34] INFO  o.e.m.c.i.embedder.EclipseLogger - skip non existing resourceDirectory C:\Users\ljm7b\Documents\Big_Data_Fall_2016\Source\Data_Store_Servlet\Team4_Servlet_BigData\src\main\resources
2016-11-03 12:22:06,904 [Worker-34] WARN  o.e.m.c.i.embedder.EclipseLogger - Using platform encoding (Cp1252 actually) to copy filtered resources, i.e. build is platform dependent!
2016-11-03 12:22:06,913 [Worker-34] INFO  o.e.m.c.i.embedder.EclipseLogger - skip non existing resourceDirectory C:\Users\ljm7b\Documents\Big_Data_Fall_2016\Source\Data_Store_Servlet\Team4_Servlet_BigData\src\test\resources
2016-11-03 12:22:16,245 [Worker-26] WARN  o.e.m.c.i.embedder.EclipseLogger - Using platform encoding (Cp1252 actually) to copy filtered resources, i.e. build is platform dependent!
2016-11-03 12:22:16,253 [Worker-26] INFO  o.e.m.c.i.embedder.EclipseLogger - skip non existing resourceDirectory C:\Users\ljm7b\Documents\Big_Data_Fall_2016\Source\Data_Store_Servlet\Team4_Servlet_BigData\src\main\resources
2016-11-03 12:22:16,261 [Worker-26] WARN  o.e.m.c.i.embedder.EclipseLogger - Using platform encoding (Cp1252 actually) to copy filtered resources, i.e. build is platform dependent!
2016-11-03 12:22:16,270 [Worker-26] INFO  o.e.m.c.i.embedder.EclipseLogger - skip non existing resourceDirectory C:\Users\ljm7b\Documents\Big_Data_Fall_2016\Source\Data_Store_Servlet\Team4_Servlet_BigData\src\test\resources
2016-11-03 12:22:49,456 [Worker-34] WARN  o.e.m.c.i.embedder.EclipseLogger - Using platform encoding (Cp1252 actually) to copy filtered resources, i.e. build is platform dependent!
2016-11-03 12:22:49,469 [Worker-34] INFO  o.e.m.c.i.embedder.EclipseLogger - skip non existing resourceDirectory C:\Users\ljm7b\Documents\Big_Data_Fall_2016\Source\Data_Store_Servlet\Team4_Servlet_BigData\src\main\resources
2016-11-03 12:22:49,477 [Worker-34] WARN  o.e.m.c.i.embedder.EclipseLogger - Using platform encoding (Cp1252 actually) to copy filtered resources, i.e. build is platform dependent!
2016-11-03 12:22:49,492 [Worker-34] INFO  o.e.m.c.i.embedder.EclipseLogger - skip non existing resourceDirectory C:\Users\ljm7b\Documents\Big_Data_Fall_2016\Source\Data_Store_Servlet\Team4_Servlet_BigData\src\test\resources
2016-11-03 12:24:56,046 [Worker-31] WARN  o.e.m.c.i.embedder.EclipseLogger - Using platform encoding (Cp1252 actually) to copy filtered resources, i.e. build is platform dependent!
2016-11-03 12:24:56,056 [Worker-31] INFO  o.e.m.c.i.embedder.EclipseLogger - skip non existing resourceDirectory C:\Users\ljm7b\Documents\Big_Data_Fall_2016\Source\Data_Store_Servlet\Team4_Servlet_BigData\src\main\resources
2016-11-03 12:24:56,065 [Worker-31] WARN  o.e.m.c.i.embedder.EclipseLogger - Using platform encoding (Cp1252 actually) to copy filtered resources, i.e. build is platform dependent!
2016-11-03 12:24:56,076 [Worker-31] INFO  o.e.m.c.i.embedder.EclipseLogger - skip non existing resourceDirectory C:\Users\ljm7b\Documents\Big_Data_Fall_2016\Source\Data_Store_Servlet\Team4_Servlet_BigData\src\test\resources
2016-11-03 12:25:03,329 [Worker-37] WARN  o.e.m.c.i.embedder.EclipseLogger - Using platform encoding (Cp1252 actually) to copy filtered resources, i.e. build is platform dependent!
2016-11-03 12:25:03,337 [Worker-37] INFO  o.e.m.c.i.embedder.EclipseLogger - skip non existing resourceDirectory C:\Users\ljm7b\Documents\Big_Data_Fall_2016\Source\Data_Store_Servlet\Team4_Servlet_BigData\src\main\resources
2016-11-03 12:25:03,346 [Worker-37] WARN  o.e.m.c.i.embedder.EclipseLogger - Using platform encoding (Cp1252 actually) to copy filtered resources, i.e. build is platform dependent!
2016-11-03 12:25:03,359 [Worker-37] INFO  o.e.m.c.i.embedder.EclipseLogger - skip non existing resourceDirectory C:\Users\ljm7b\Documents\Big_Data_Fall_2016\Source\Data_Store_Servlet\Team4_Servlet_BigData\src\test\resources
2016-11-03 12:28:23,754 [Worker-33] WARN  o.e.m.c.i.embedder.EclipseLogger - Using platform encoding (Cp1252 actually) to copy filtered resources, i.e. build is platform dependent!
2016-11-03 12:28:23,761 [Worker-33] INFO  o.e.m.c.i.embedder.EclipseLogger - skip non existing resourceDirectory C:\Users\ljm7b\Documents\Big_Data_Fall_2016\Source\Data_Store_Servlet\Team4_Servlet_BigData\src\main\resources
2016-11-03 12:28:23,768 [Worker-33] WARN  o.e.m.c.i.embedder.EclipseLogger - Using platform encoding (Cp1252 actually) to copy filtered resources, i.e. build is platform dependent!
2016-11-03 12:28:23,778 [Worker-33] INFO  o.e.m.c.i.embedder.EclipseLogger - skip non existing resourceDirectory C:\Users\ljm7b\Documents\Big_Data_Fall_2016\Source\Data_Store_Servlet\Team4_Servlet_BigData\src\test\resources
2016-11-03 12:31:55,241 [Worker-43] WARN  o.e.m.c.i.embedder.EclipseLogger - Using platform encoding (Cp1252 actually) to copy filtered resources, i.e. build is platform dependent!
2016-11-03 12:31:55,248 [Worker-43] INFO  o.e.m.c.i.embedder.EclipseLogger - skip non existing resourceDirectory C:\Users\ljm7b\Documents\Big_Data_Fall_2016\Source\Data_Store_Servlet\Team4_Servlet_BigData\src\main\resources
2016-11-03 12:31:55,255 [Worker-43] WARN  o.e.m.c.i.embedder.EclipseLogger - Using platform encoding (Cp1252 actually) to copy filtered resources, i.e. build is platform dependent!
2016-11-03 12:31:55,268 [Worker-43] INFO  o.e.m.c.i.embedder.EclipseLogger - skip non existing resourceDirectory C:\Users\ljm7b\Documents\Big_Data_Fall_2016\Source\Data_Store_Servlet\Team4_Servlet_BigData\src\test\resources
2016-11-03 12:32:30,080 [Worker-44] WARN  o.e.m.c.i.embedder.EclipseLogger - Using platform encoding (Cp1252 actually) to copy filtered resources, i.e. build is platform dependent!
2016-11-03 12:32:30,091 [Worker-44] INFO  o.e.m.c.i.embedder.EclipseLogger - skip non existing resourceDirectory C:\Users\ljm7b\Documents\Big_Data_Fall_2016\Source\Data_Store_Servlet\Team4_Servlet_BigData\src\main\resources
2016-11-03 12:32:30,099 [Worker-44] WARN  o.e.m.c.i.embedder.EclipseLogger - Using platform encoding (Cp1252 actually) to copy filtered resources, i.e. build is platform dependent!
2016-11-03 12:32:30,108 [Worker-44] INFO  o.e.m.c.i.embedder.EclipseLogger - skip non existing resourceDirectory C:\Users\ljm7b\Documents\Big_Data_Fall_2016\Source\Data_Store_Servlet\Team4_Servlet_BigData\src\test\resources
2016-11-03 12:32:42,861 [Worker-45] WARN  o.e.m.c.i.embedder.EclipseLogger - Using platform encoding (Cp1252 actually) to copy filtered resources, i.e. build is platform dependent!
2016-11-03 12:32:42,868 [Worker-45] INFO  o.e.m.c.i.embedder.EclipseLogger - skip non existing resourceDirectory C:\Users\ljm7b\Documents\Big_Data_Fall_2016\Source\Data_Store_Servlet\Team4_Servlet_BigData\src\main\resources
2016-11-03 12:32:42,876 [Worker-45] WARN  o.e.m.c.i.embedder.EclipseLogger - Using platform encoding (Cp1252 actually) to copy filtered resources, i.e. build is platform dependent!
2016-11-03 12:32:42,888 [Worker-45] INFO  o.e.m.c.i.embedder.EclipseLogger - skip non existing resourceDirectory C:\Users\ljm7b\Documents\Big_Data_Fall_2016\Source\Data_Store_Servlet\Team4_Servlet_BigData\src\test\resources
2016-11-03 12:34:13,927 [Worker-42] WARN  o.e.m.c.i.embedder.EclipseLogger - Using platform encoding (Cp1252 actually) to copy filtered resources, i.e. build is platform dependent!
2016-11-03 12:34:13,933 [Worker-42] INFO  o.e.m.c.i.embedder.EclipseLogger - skip non existing resourceDirectory C:\Users\ljm7b\Documents\Big_Data_Fall_2016\Source\Data_Store_Servlet\Team4_Servlet_BigData\src\main\resources
2016-11-03 12:34:13,939 [Worker-42] WARN  o.e.m.c.i.embedder.EclipseLogger - Using platform encoding (Cp1252 actually) to copy filtered resources, i.e. build is platform dependent!
2016-11-03 12:34:13,949 [Worker-42] INFO  o.e.m.c.i.embedder.EclipseLogger - skip non existing resourceDirectory C:\Users\ljm7b\Documents\Big_Data_Fall_2016\Source\Data_Store_Servlet\Team4_Servlet_BigData\src\test\resources
2016-11-03 12:34:39,003 [Worker-43] WARN  o.e.m.c.i.embedder.EclipseLogger - Using platform encoding (Cp1252 actually) to copy filtered resources, i.e. build is platform dependent!
2016-11-03 12:34:39,008 [Worker-43] INFO  o.e.m.c.i.embedder.EclipseLogger - skip non existing resourceDirectory C:\Users\ljm7b\Documents\Big_Data_Fall_2016\Source\Data_Store_Servlet\Team4_Servlet_BigData\src\main\resources
2016-11-03 12:34:39,013 [Worker-43] WARN  o.e.m.c.i.embedder.EclipseLogger - Using platform encoding (Cp1252 actually) to copy filtered resources, i.e. build is platform dependent!
2016-11-03 12:34:39,024 [Worker-43] INFO  o.e.m.c.i.embedder.EclipseLogger - skip non existing resourceDirectory C:\Users\ljm7b\Documents\Big_Data_Fall_2016\Source\Data_Store_Servlet\Team4_Servlet_BigData\src\test\resources
2016-11-03 12:36:14,100 [Worker-43] WARN  o.e.m.c.i.embedder.EclipseLogger - Using platform encoding (Cp1252 actually) to copy filtered resources, i.e. build is platform dependent!
2016-11-03 12:36:14,114 [Worker-43] INFO  o.e.m.c.i.embedder.EclipseLogger - skip non existing resourceDirectory C:\Users\ljm7b\Documents\Big_Data_Fall_2016\Source\Data_Store_Servlet\Team4_Servlet_BigData\src\main\resources
2016-11-03 12:36:14,129 [Worker-43] WARN  o.e.m.c.i.embedder.EclipseLogger - Using platform encoding (Cp1252 actually) to copy filtered resources, i.e. build is platform dependent!
2016-11-03 12:36:14,140 [Worker-43] INFO  o.e.m.c.i.embedder.EclipseLogger - skip non existing resourceDirectory C:\Users\ljm7b\Documents\Big_Data_Fall_2016\Source\Data_Store_Servlet\Team4_Servlet_BigData\src\test\resources
2016-11-03 12:47:36,924 [Worker-52] WARN  o.e.m.c.i.embedder.EclipseLogger - Using platform encoding (Cp1252 actually) to copy filtered resources, i.e. build is platform dependent!
2016-11-03 12:47:36,932 [Worker-52] INFO  o.e.m.c.i.embedder.EclipseLogger - skip non existing resourceDirectory C:\Users\ljm7b\Documents\Big_Data_Fall_2016\Source\Data_Store_Servlet\Team4_Servlet_BigData\src\main\resources
2016-11-03 12:47:36,939 [Worker-52] WARN  o.e.m.c.i.embedder.EclipseLogger - Using platform encoding (Cp1252 actually) to copy filtered resources, i.e. build is platform dependent!
2016-11-03 12:47:36,951 [Worker-52] INFO  o.e.m.c.i.embedder.EclipseLogger - skip non existing resourceDirectory C:\Users\ljm7b\Documents\Big_Data_Fall_2016\Source\Data_Store_Servlet\Team4_Servlet_BigData\src\test\resources
2016-11-04 19:13:25,348 [Worker-1] WARN  o.e.m.c.i.embedder.EclipseLogger - Using platform encoding (Cp1252 actually) to copy filtered resources, i.e. build is platform dependent!
2016-11-04 19:13:25,361 [Worker-1] INFO  o.e.m.c.i.embedder.EclipseLogger - skip non existing resourceDirectory C:\Users\ljm7b\Documents\Big_Data_Fall_2016\Source\Data_Store_Servlet\Team4_Servlet_BigData\src\main\resources
2016-11-04 19:13:25,364 [Worker-1] WARN  o.e.m.c.i.embedder.EclipseLogger - Using platform encoding (Cp1252 actually) to copy filtered resources, i.e. build is platform dependent!
2016-11-04 19:13:25,371 [Worker-1] INFO  o.e.m.c.i.embedder.EclipseLogger - skip non existing resourceDirectory C:\Users\ljm7b\Documents\Big_Data_Fall_2016\Source\Data_Store_Servlet\Team4_Servlet_BigData\src\test\resources
2016-11-04 19:13:29,820 [Worker-1] WARN  o.e.m.c.i.embedder.EclipseLogger - Using platform encoding (Cp1252 actually) to copy filtered resources, i.e. build is platform dependent!
2016-11-04 19:13:29,830 [Worker-1] INFO  o.e.m.c.i.embedder.EclipseLogger - skip non existing resourceDirectory C:\Users\ljm7b\Documents\Big_Data_Fall_2016\Source\Data_Store_Servlet\Team4_Servlet_BigData\src\main\resources
2016-11-04 19:13:29,832 [Worker-1] WARN  o.e.m.c.i.embedder.EclipseLogger - Using platform encoding (Cp1252 actually) to copy filtered resources, i.e. build is platform dependent!
2016-11-04 19:13:29,843 [Worker-1] INFO  o.e.m.c.i.embedder.EclipseLogger - skip non existing resourceDirectory C:\Users\ljm7b\Documents\Big_Data_Fall_2016\Source\Data_Store_Servlet\Team4_Servlet_BigData\src\test\resources
2016-11-04 23:22:38,848 [Worker-82] WARN  o.e.m.c.i.embedder.EclipseLogger - Using platform encoding (Cp1252 actually) to copy filtered resources, i.e. build is platform dependent!
2016-11-04 23:22:38,916 [Worker-82] INFO  o.e.m.c.i.embedder.EclipseLogger - skip non existing resourceDirectory C:\Users\ljm7b\Documents\Big_Data_Fall_2016\Source\Data_Store_Servlet\Team4_Servlet_BigData\src\main\resources
2016-11-04 23:22:38,919 [Worker-82] WARN  o.e.m.c.i.embedder.EclipseLogger - Using platform encoding (Cp1252 actually) to copy filtered resources, i.e. build is platform dependent!
2016-11-04 23:22:38,954 [Worker-82] INFO  o.e.m.c.i.embedder.EclipseLogger - skip non existing resourceDirectory C:\Users\ljm7b\Documents\Big_Data_Fall_2016\Source\Data_Store_Servlet\Team4_Servlet_BigData\src\test\resources
